<?xml version="1.0" encoding="UTF-8"?>
<testsuite name="com.twinground.server.WebSocketStudyApplicationTests" tests="1" skipped="0" failures="0" errors="0" timestamp="2023-10-10T09:16:44" hostname="jomyeong-geun-ui-MacBookAir.local" time="0.159">
  <properties/>
  <testcase name="contextLoads()" classname="com.twinground.server.WebSocketStudyApplicationTests" time="0.159"/>
  <system-out><![CDATA[18:16:43.204 [Test worker] DEBUG org.springframework.test.context.BootstrapUtils - Instantiating CacheAwareContextLoaderDelegate from class [org.springframework.test.context.cache.DefaultCacheAwareContextLoaderDelegate]
18:16:43.209 [Test worker] DEBUG org.springframework.test.context.BootstrapUtils - Instantiating BootstrapContext using constructor [public org.springframework.test.context.support.DefaultBootstrapContext(java.lang.Class,org.springframework.test.context.CacheAwareContextLoaderDelegate)]
18:16:43.230 [Test worker] DEBUG org.springframework.test.context.BootstrapUtils - Instantiating TestContextBootstrapper for test class [com.twinground.server.WebSocketStudyApplicationTests] from class [org.springframework.boot.test.context.SpringBootTestContextBootstrapper]
18:16:43.236 [Test worker] INFO org.springframework.boot.test.context.SpringBootTestContextBootstrapper - Neither @ContextConfiguration nor @ContextHierarchy found for test class [com.twinground.server.WebSocketStudyApplicationTests], using SpringBootContextLoader
18:16:43.238 [Test worker] DEBUG org.springframework.test.context.support.AbstractContextLoader - Did not detect default resource location for test class [com.twinground.server.WebSocketStudyApplicationTests]: class path resource [com/twinground/server/WebSocketStudyApplicationTests-context.xml] does not exist
18:16:43.239 [Test worker] DEBUG org.springframework.test.context.support.AbstractContextLoader - Did not detect default resource location for test class [com.twinground.server.WebSocketStudyApplicationTests]: class path resource [com/twinground/server/WebSocketStudyApplicationTestsContext.groovy] does not exist
18:16:43.239 [Test worker] INFO org.springframework.test.context.support.AbstractContextLoader - Could not detect default resource locations for test class [com.twinground.server.WebSocketStudyApplicationTests]: no resource found for suffixes {-context.xml, Context.groovy}.
18:16:43.239 [Test worker] INFO org.springframework.test.context.support.AnnotationConfigContextLoaderUtils - Could not detect default configuration classes for test class [com.twinground.server.WebSocketStudyApplicationTests]: WebSocketStudyApplicationTests does not declare any static, non-private, non-final, nested classes annotated with @Configuration.
18:16:43.275 [Test worker] DEBUG org.springframework.test.context.support.ActiveProfilesUtils - Could not find an 'annotation declaring class' for annotation type [org.springframework.test.context.ActiveProfiles] and class [com.twinground.server.WebSocketStudyApplicationTests]
18:16:43.312 [Test worker] DEBUG org.springframework.context.annotation.ClassPathScanningCandidateComponentProvider - Identified candidate component class: file [/Users/realisshomyang/Desktop/everyware-server/build/classes/java/main/com/twinground/server/WebSocketStudyApplication.class]
18:16:43.313 [Test worker] INFO org.springframework.boot.test.context.SpringBootTestContextBootstrapper - Found @SpringBootConfiguration com.twinground.server.WebSocketStudyApplication for test class com.twinground.server.WebSocketStudyApplicationTests
18:16:43.362 [Test worker] DEBUG org.springframework.boot.test.context.SpringBootTestContextBootstrapper - @TestExecutionListeners is not present for class [com.twinground.server.WebSocketStudyApplicationTests]: using defaults.
18:16:43.362 [Test worker] INFO org.springframework.boot.test.context.SpringBootTestContextBootstrapper - Loaded default TestExecutionListener class names from location [META-INF/spring.factories]: [org.springframework.boot.test.autoconfigure.restdocs.RestDocsTestExecutionListener, org.springframework.boot.test.autoconfigure.web.client.MockRestServiceServerResetTestExecutionListener, org.springframework.boot.test.autoconfigure.web.servlet.MockMvcPrintOnlyOnFailureTestExecutionListener, org.springframework.boot.test.autoconfigure.web.servlet.WebDriverTestExecutionListener, org.springframework.boot.test.autoconfigure.webservices.client.MockWebServiceServerTestExecutionListener, org.springframework.boot.test.mock.mockito.MockitoTestExecutionListener, org.springframework.boot.test.mock.mockito.ResetMocksTestExecutionListener, org.springframework.test.context.web.ServletTestExecutionListener, org.springframework.test.context.support.DirtiesContextBeforeModesTestExecutionListener, org.springframework.test.context.event.ApplicationEventsTestExecutionListener, org.springframework.test.context.support.DependencyInjectionTestExecutionListener, org.springframework.test.context.support.DirtiesContextTestExecutionListener, org.springframework.test.context.transaction.TransactionalTestExecutionListener, org.springframework.test.context.jdbc.SqlScriptsTestExecutionListener, org.springframework.test.context.event.EventPublishingTestExecutionListener]
18:16:43.367 [Test worker] DEBUG org.springframework.boot.test.context.SpringBootTestContextBootstrapper - Skipping candidate TestExecutionListener [org.springframework.test.context.transaction.TransactionalTestExecutionListener] due to a missing dependency. Specify custom listener classes or make the default listener classes and their required dependencies available. Offending class: [org/springframework/transaction/interceptor/TransactionAttributeSource]
18:16:43.367 [Test worker] DEBUG org.springframework.boot.test.context.SpringBootTestContextBootstrapper - Skipping candidate TestExecutionListener [org.springframework.test.context.jdbc.SqlScriptsTestExecutionListener] due to a missing dependency. Specify custom listener classes or make the default listener classes and their required dependencies available. Offending class: [org/springframework/transaction/interceptor/TransactionAttribute]
18:16:43.368 [Test worker] INFO org.springframework.boot.test.context.SpringBootTestContextBootstrapper - Using TestExecutionListeners: [org.springframework.test.context.web.ServletTestExecutionListener@241a53ef, org.springframework.test.context.support.DirtiesContextBeforeModesTestExecutionListener@344344fa, org.springframework.test.context.event.ApplicationEventsTestExecutionListener@2db2cd5, org.springframework.boot.test.mock.mockito.MockitoTestExecutionListener@70e659aa, org.springframework.boot.test.autoconfigure.SpringBootDependencyInjectionTestExecutionListener@615f972, org.springframework.test.context.support.DirtiesContextTestExecutionListener@285f09de, org.springframework.test.context.event.EventPublishingTestExecutionListener@73393584, org.springframework.boot.test.autoconfigure.restdocs.RestDocsTestExecutionListener@31500940, org.springframework.boot.test.autoconfigure.web.client.MockRestServiceServerResetTestExecutionListener@1827a871, org.springframework.boot.test.autoconfigure.web.servlet.MockMvcPrintOnlyOnFailureTestExecutionListener@48e64352, org.springframework.boot.test.autoconfigure.web.servlet.WebDriverTestExecutionListener@7249dadf, org.springframework.boot.test.autoconfigure.webservices.client.MockWebServiceServerTestExecutionListener@4362d7df, org.springframework.boot.test.mock.mockito.ResetMocksTestExecutionListener@66238be2]
18:16:43.369 [Test worker] DEBUG org.springframework.test.context.support.AbstractDirtiesContextTestExecutionListener - Before test class: context [DefaultTestContext@402f80f5 testClass = WebSocketStudyApplicationTests, testInstance = [null], testMethod = [null], testException = [null], mergedContextConfiguration = [WebMergedContextConfiguration@5bbc9f97 testClass = WebSocketStudyApplicationTests, locations = '{}', classes = '{class com.twinground.server.WebSocketStudyApplication}', contextInitializerClasses = '[]', activeProfiles = '{}', propertySourceLocations = '{}', propertySourceProperties = '{org.springframework.boot.test.context.SpringBootTestContextBootstrapper=true}', contextCustomizers = set[org.springframework.boot.test.autoconfigure.actuate.metrics.MetricsExportContextCustomizerFactory$DisableMetricExportContextCustomizer@55342f40, org.springframework.boot.test.autoconfigure.properties.PropertyMappingContextCustomizer@0, org.springframework.boot.test.autoconfigure.web.servlet.WebDriverContextCustomizerFactory$Customizer@3f0846c6, org.springframework.boot.test.context.filter.ExcludeFilterContextCustomizer@45e37a7e, org.springframework.boot.test.json.DuplicateJsonObjectContextCustomizerFactory$DuplicateJsonObjectContextCustomizer@1021f6c9, org.springframework.boot.test.mock.mockito.MockitoContextCustomizer@0, org.springframework.boot.test.web.client.TestRestTemplateContextCustomizer@1cbf6e72, org.springframework.boot.test.context.SpringBootTestArgs@1, org.springframework.boot.test.context.SpringBootTestWebEnvironment@68746f22], resourceBasePath = 'src/main/webapp', contextLoader = 'org.springframework.boot.test.context.SpringBootContextLoader', parent = [null]], attributes = map['org.springframework.test.context.web.ServletTestExecutionListener.activateListener' -> true]], class annotated with @DirtiesContext [false] with mode [null].

  .   ____          _            __ _ _
 /\\ / ___'_ __ _ _(_)_ __  __ _ \ \ \ \
( ( )\___ | '_ | '_| | '_ \/ _` | \ \ \ \
 \\/  ___)| |_)| | | | | || (_| |  ) ) ) )
  '  |____| .__|_| |_|_| |_\__, | / / / /
 =========|_|==============|___/=/_/_/_/
 :: Spring Boot ::               (v2.7.15)

2023-10-10 18:16:43.525  INFO 25608 --- [    Test worker] c.t.s.WebSocketStudyApplicationTests     : Starting WebSocketStudyApplicationTests using Java 11.0.18 on jomyeong-geun-ui-MacBookAir.local with PID 25608 (started by realisshomyang in /Users/realisshomyang/Desktop/everyware-server)
2023-10-10 18:16:43.525  INFO 25608 --- [    Test worker] c.t.s.WebSocketStudyApplicationTests     : No active profile set, falling back to 1 default profile: "default"
2023-10-10 18:16:44.278  INFO 25608 --- [    Test worker] c.t.s.WebSocketStudyApplicationTests     : Started WebSocketStudyApplicationTests in 0.888 seconds (JVM running for 1.66)
]]></system-out>
  <system-err><![CDATA[]]></system-err>
</testsuite>
